<?xml version="1.0" encoding="UTF-8"?>
<!-- Generated by org.testng.reporters.JUnitReportReporter -->
<testsuite hostname="DESKTOP-DJ4FDME" failures="0" tests="3" name="learnTestNG.TestScenario9" time="0.005" errors="0" timestamp="2023-11-08T08:58:24 IST" skipped="0">
  <testcase classname="learnTestNG.TestScenario9" name="third_testcase" time="0.002"/>
  <testcase classname="learnTestNG.TestScenario9" name="forth_testcase" time="0.002"/>
  <testcase classname="learnTestNG.TestScenario9" name="first_testcase" time="0.001"/>
</testsuite> <!-- learnTestNG.TestScenario9 -->
