<?xml version="1.0" encoding="UTF-8"?>
<!-- Generated by org.testng.reporters.JUnitReportReporter -->
<testsuite hostname="DESKTOP-DJ4FDME" failures="0" tests="2" name="learnTestNG.TestScenario6" time="0.012" errors="0" timestamp="2023-11-08T08:58:24 IST" skipped="0">
  <testcase classname="learnTestNG.TestScenario6" name="sixth_testcase" time="0.001"/>
  <testcase classname="learnTestNG.TestScenario6" name="eighth_testcase" time="0.011"/>
</testsuite> <!-- learnTestNG.TestScenario6 -->
