<?xml version="1.0" encoding="UTF-8"?>
<!-- Generated by org.testng.reporters.JUnitReportReporter -->
<testsuite hostname="DESKTOP-DJ4FDME" failures="0" tests="1" name="org.xyz.automation.fb.FetchTheData" time="4.302" errors="0" timestamp="2023-11-16T09:05:16 IST" skipped="0">
  <testcase classname="org.xyz.automation.fb.FetchTheData" name="differentfileds" time="4.302"/>
</testsuite> <!-- org.xyz.automation.fb.FetchTheData -->
