<?xml version="1.0" encoding="UTF-8"?>
<!-- Generated by org.testng.reporters.JUnitReportReporter -->
<testsuite hostname="DESKTOP-DJ4FDME" failures="0" tests="1" name="org.wipro.automation.abc.testcases.MenuTestScenario" time="22.351" errors="0" timestamp="2023-11-25T09:21:16 IST" skipped="0">
  <testcase classname="org.wipro.automation.abc.testcases.MenuTestScenario" name="validatemenuoptions" time="22.351"/>
</testsuite> <!-- org.wipro.automation.abc.testcases.MenuTestScenario -->
