<?xml version="1.0" encoding="UTF-8"?>
<!-- Generated by org.testng.reporters.JUnitReportReporter -->
<testsuite hostname="DESKTOP-DJ4FDME" failures="0" tests="4" name="org.xyz.automation.fb.KeboardMouse" time="10.305" errors="0" timestamp="2023-11-21T09:25:25 IST" skipped="2">
  <testcase classname="org.xyz.automation.fb.KeboardMouse" name="handleAlert" time="4.721"/>
  <testcase classname="org.xyz.automation.fb.KeboardMouse" name="handleFrames" time="5.584"/>
  <testcase classname="org.xyz.automation.fb.KeboardMouse" name="learnMouse">
    <skipped/>
  </testcase> <!-- learnMouse -->
  <testcase classname="org.xyz.automation.fb.KeboardMouse" name="learnKeyboard">
    <skipped/>
  </testcase> <!-- learnKeyboard -->
</testsuite> <!-- org.xyz.automation.fb.KeboardMouse -->
