<?xml version="1.0" encoding="UTF-8"?>
<!-- Generated by org.testng.reporters.JUnitReportReporter -->
<testsuite hostname="DESKTOP-DJ4FDME" failures="0" tests="8" name="learnTestNG.TestScenario7" time="0.015" errors="0" timestamp="2023-11-08T08:44:04 IST" skipped="0">
  <testcase classname="learnTestNG.TestScenario7" name="eighth_testcase" time="0.004"/>
  <testcase classname="learnTestNG.TestScenario7" name="fifth_testcase" time="0.001"/>
  <testcase classname="learnTestNG.TestScenario7" name="second_testcase" time="0.001"/>
  <testcase classname="learnTestNG.TestScenario7" name="forth_testcase" time="0.003"/>
  <testcase classname="learnTestNG.TestScenario7" name="seventh_testcase" time="0.002"/>
  <testcase classname="learnTestNG.TestScenario7" name="first_testcase" time="0.002"/>
  <testcase classname="learnTestNG.TestScenario7" name="third_testcase" time="0.001"/>
  <testcase classname="learnTestNG.TestScenario7" name="sixth_testcase" time="0.001"/>
</testsuite> <!-- learnTestNG.TestScenario7 -->
