<?xml version="1.0" encoding="UTF-8"?>
<!-- Generated by org.testng.reporters.JUnitReportReporter -->
<testsuite hostname="DESKTOP-DJ4FDME" failures="0" tests="1" name="org.wipro.automation.abc.testcases.SignupScenario" time="4.806" errors="0" timestamp="2023-11-23T09:08:42 IST" skipped="0">
  <testcase classname="org.wipro.automation.abc.testcases.SignupScenario" name="createNewAccount" time="4.806"/>
</testsuite> <!-- org.wipro.automation.abc.testcases.SignupScenario -->
