<?xml version="1.0" encoding="UTF-8"?>
<!-- Generated by org.testng.reporters.JUnitReportReporter -->
<testsuite hostname="DESKTOP-DJ4FDME" failures="0" tests="2" name="org.xyz.automation.fb.FirstAutomation" time="6.273" errors="0" timestamp="2023-11-17T08:58:52 IST" skipped="1">
  <testcase classname="org.xyz.automation.fb.FirstAutomation" name="signupFunct" time="6.273"/>
  <testcase classname="org.xyz.automation.fb.FirstAutomation" name="loginfunc">
    <skipped/>
  </testcase> <!-- loginfunc -->
</testsuite> <!-- org.xyz.automation.fb.FirstAutomation -->
