<?xml version="1.0" encoding="UTF-8"?>
<!-- Generated by org.testng.reporters.JUnitReportReporter -->
<testsuite hostname="DESKTOP-DJ4FDME" failures="0" tests="8" name="learnTestNG.TestScenario3" time="0.009" errors="0" timestamp="2023-11-08T08:44:04 IST" skipped="0">
  <testcase classname="learnTestNG.TestScenario3" name="fifth_testcase" time="0.002"/>
  <testcase classname="learnTestNG.TestScenario3" name="forth_testcase" time="0.001"/>
  <testcase classname="learnTestNG.TestScenario3" name="sixth_testcase" time="0.002"/>
  <testcase classname="learnTestNG.TestScenario3" name="first_testcase" time="0.001"/>
  <testcase classname="learnTestNG.TestScenario3" name="eighth_testcase" time="0.001"/>
  <testcase classname="learnTestNG.TestScenario3" name="third_testcase" time="0.001"/>
  <testcase classname="learnTestNG.TestScenario3" name="seventh_testcase" time="0.001"/>
  <testcase classname="learnTestNG.TestScenario3" name="second_testcase" time="0.000"/>
</testsuite> <!-- learnTestNG.TestScenario3 -->
