<?xml version="1.0" encoding="UTF-8"?>
<!-- Generated by org.testng.reporters.JUnitReportReporter -->
<testsuite hostname="DESKTOP-DJ4FDME" failures="0" tests="3" name="org.wipro.automation.abc.testcases.LoginScenario2_DDF" time="18.715" errors="0" timestamp="2023-11-25T09:11:16 IST" skipped="0">
  <testcase classname="org.wipro.automation.abc.testcases.LoginScenario2_DDF" name="loginFunct" time="12.341"/>
  <testcase classname="org.wipro.automation.abc.testcases.LoginScenario2_DDF" name="loginFunct" time="3.178"/>
  <testcase classname="org.wipro.automation.abc.testcases.LoginScenario2_DDF" name="loginFunct" time="3.196"/>
</testsuite> <!-- org.wipro.automation.abc.testcases.LoginScenario2_DDF -->
