<?xml version="1.0" encoding="UTF-8"?>
<!-- Generated by org.testng.reporters.JUnitReportReporter -->
<testsuite hostname="DESKTOP-DJ4FDME" failures="0" tests="1" name="org.wipro.automation.abc.testcases.LoginScenario" time="4.886" errors="0" timestamp="2023-11-23T08:59:43 IST" skipped="0">
  <testcase classname="org.wipro.automation.abc.testcases.LoginScenario" name="loginFunct" time="4.886"/>
</testsuite> <!-- org.wipro.automation.abc.testcases.LoginScenario -->
