<?xml version="1.0" encoding="UTF-8"?>
<!-- Generated by org.testng.reporters.JUnitReportReporter -->
<testsuite hostname="DESKTOP-DJ4FDME" failures="0" tests="2" name="org.xyz.automation.fb.BrowserControl" time="23.828" errors="0" timestamp="2023-11-17T09:11:45 IST" skipped="1">
  <testcase classname="org.xyz.automation.fb.BrowserControl" name="differentfileds" time="23.828"/>
  <testcase classname="org.xyz.automation.fb.BrowserControl" name="launchBrowser">
    <skipped/>
  </testcase> <!-- launchBrowser -->
</testsuite> <!-- org.xyz.automation.fb.BrowserControl -->
